[2025-12-31 18:20:27] ============================================================
[2025-12-31 18:20:27]   Thor 1.1 Knowledge Crawler
[2025-12-31 18:20:27]   Continuous Knowledge Acquisition System
[2025-12-31 18:20:27] ============================================================
[2025-12-31 18:20:27] 
[2025-12-31 18:20:27] Initializing SQLite knowledge database...
[2025-12-31 18:20:27]   - Total knowledge items: 20
[2025-12-31 18:20:27]   - Total topics: 2472
[2025-12-31 18:20:27]   - Topics pending: 2468
[2025-12-31 18:20:27]   - Topics crawled: 4
[2025-12-31 18:20:27] 
[2025-12-31 18:20:27] Dictionary loaded: 2474 topics
[2025-12-31 18:20:27] 
[2025-12-31 18:20:27] Starting crawler with 30s interval...
[2025-12-31 18:20:27] 
[2025-12-31 18:20:27] Crawler is now running. Press Ctrl+C to stop.
[2025-12-31 18:20:27] 
[2025-12-31 18:28:10] 
[2025-12-31 18:28:10] ========================================
[2025-12-31 18:28:10]   Periodic Status Update
[2025-12-31 18:28:10] ========================================
[2025-12-31 18:28:10]   Knowledge items: 55
[2025-12-31 18:28:10]   Added (24h): 55
[2025-12-31 18:28:10]   Topics crawled (24h): 11
[2025-12-31 18:28:10]   Avg confidence: 0.70
[2025-12-31 18:28:10] ========================================
[2025-12-31 18:28:10] 
[2025-12-31 18:43:49] 
[2025-12-31 18:43:49] ========================================
[2025-12-31 18:43:49]   Periodic Status Update
[2025-12-31 18:43:49] ========================================
[2025-12-31 18:43:49]   Knowledge items: 60
[2025-12-31 18:43:49]   Added (24h): 60
[2025-12-31 18:43:49]   Topics crawled (24h): 12
[2025-12-31 18:43:49]   Avg confidence: 0.70
[2025-12-31 18:43:49] ========================================
[2025-12-31 18:43:49] 
[2025-12-31 18:48:49] 
[2025-12-31 18:48:49] ========================================
[2025-12-31 18:48:49]   Periodic Status Update
[2025-12-31 18:48:49] ========================================
[2025-12-31 18:48:49]   Knowledge items: 111
[2025-12-31 18:48:49]   Added (24h): 111
[2025-12-31 18:48:49]   Topics crawled (24h): 22
[2025-12-31 18:48:49]   Avg confidence: 0.70
[2025-12-31 18:48:49] ========================================
[2025-12-31 18:48:49] 
[2025-12-31 19:05:48] 
[2025-12-31 19:05:48] ========================================
[2025-12-31 19:05:48]   Periodic Status Update
[2025-12-31 19:05:48] ========================================
[2025-12-31 19:05:48]   Knowledge items: 134
[2025-12-31 19:05:48]   Added (24h): 134
[2025-12-31 19:05:48]   Topics crawled (24h): 26
[2025-12-31 19:05:48]   Avg confidence: 0.71
[2025-12-31 19:05:48] ========================================
[2025-12-31 19:05:48] 
[2025-12-31 19:24:17] 
[2025-12-31 19:24:17] ========================================
[2025-12-31 19:24:17]   Periodic Status Update
[2025-12-31 19:24:17] ========================================
[2025-12-31 19:24:17]   Knowledge items: 164
[2025-12-31 19:24:17]   Added (24h): 164
[2025-12-31 19:24:17]   Topics crawled (24h): 32
[2025-12-31 19:24:17]   Avg confidence: 0.70
[2025-12-31 19:24:17] ========================================
[2025-12-31 19:24:17] 
[2025-12-31 19:39:55] 
[2025-12-31 19:39:55] ========================================
[2025-12-31 19:39:55]   Periodic Status Update
[2025-12-31 19:39:55] ========================================
[2025-12-31 19:39:55]   Knowledge items: 169
[2025-12-31 19:39:55]   Added (24h): 169
[2025-12-31 19:39:55]   Topics crawled (24h): 33
[2025-12-31 19:39:55]   Avg confidence: 0.70
[2025-12-31 19:39:55] ========================================
[2025-12-31 19:39:55] 
[2025-12-31 19:55:44] 
[2025-12-31 19:55:44] ========================================
[2025-12-31 19:55:44]   Periodic Status Update
[2025-12-31 19:55:44] ========================================
[2025-12-31 19:55:44]   Knowledge items: 174
[2025-12-31 19:55:44]   Added (24h): 174
[2025-12-31 19:55:44]   Topics crawled (24h): 34
[2025-12-31 19:55:44]   Avg confidence: 0.70
[2025-12-31 19:55:44] ========================================
[2025-12-31 19:55:44] 
[2025-12-31 20:00:48] 
[2025-12-31 20:00:48] ========================================
[2025-12-31 20:00:48]   Periodic Status Update
[2025-12-31 20:00:48] ========================================
[2025-12-31 20:00:48]   Knowledge items: 179
[2025-12-31 20:00:48]   Added (24h): 179
[2025-12-31 20:00:48]   Topics crawled (24h): 36
[2025-12-31 20:00:48]   Avg confidence: 0.70
[2025-12-31 20:00:48] ========================================
[2025-12-31 20:00:48] 
[2025-12-31 20:05:52] 
[2025-12-31 20:05:52] ========================================
[2025-12-31 20:05:52]   Periodic Status Update
[2025-12-31 20:05:52] ========================================
[2025-12-31 20:05:52]   Knowledge items: 184
[2025-12-31 20:05:52]   Added (24h): 184
[2025-12-31 20:05:52]   Topics crawled (24h): 37
[2025-12-31 20:05:52]   Avg confidence: 0.70
[2025-12-31 20:05:52] ========================================
[2025-12-31 20:05:52] 
[2025-12-31 20:10:53] 
[2025-12-31 20:10:53] ========================================
[2025-12-31 20:10:53]   Periodic Status Update
[2025-12-31 20:10:53] ========================================
[2025-12-31 20:10:53]   Knowledge items: 194
[2025-12-31 20:10:53]   Added (24h): 194
[2025-12-31 20:10:53]   Topics crawled (24h): 39
[2025-12-31 20:10:53]   Avg confidence: 0.70
[2025-12-31 20:10:53] ========================================
[2025-12-31 20:10:53] 
[2025-12-31 20:15:57] 
[2025-12-31 20:15:57] ========================================
[2025-12-31 20:15:57]   Periodic Status Update
[2025-12-31 20:15:57] ========================================
[2025-12-31 20:15:57]   Knowledge items: 199
[2025-12-31 20:15:57]   Added (24h): 199
[2025-12-31 20:15:57]   Topics crawled (24h): 40
[2025-12-31 20:15:57]   Avg confidence: 0.70
[2025-12-31 20:15:57] ========================================
[2025-12-31 20:15:57] 
[2025-12-31 20:20:57] 
[2025-12-31 20:20:57] ========================================
[2025-12-31 20:20:57]   Periodic Status Update
[2025-12-31 20:20:57] ========================================
[2025-12-31 20:20:57]   Knowledge items: 249
[2025-12-31 20:20:57]   Added (24h): 249
[2025-12-31 20:20:57]   Topics crawled (24h): 50
[2025-12-31 20:20:57]   Avg confidence: 0.70
[2025-12-31 20:20:57] ========================================
[2025-12-31 20:20:57] 
[2025-12-31 20:26:03] 
[2025-12-31 20:26:03] ========================================
[2025-12-31 20:26:03]   Periodic Status Update
[2025-12-31 20:26:03] ========================================
[2025-12-31 20:26:03]   Knowledge items: 269
[2025-12-31 20:26:03]   Added (24h): 269
[2025-12-31 20:26:03]   Topics crawled (24h): 54
[2025-12-31 20:26:03]   Avg confidence: 0.70
[2025-12-31 20:26:03] ========================================
[2025-12-31 20:26:03] 
[2025-12-31 20:31:07] 
[2025-12-31 20:31:07] ========================================
[2025-12-31 20:31:07]   Periodic Status Update
[2025-12-31 20:31:07] ========================================
[2025-12-31 20:31:07]   Knowledge items: 279
[2025-12-31 20:31:07]   Added (24h): 279
[2025-12-31 20:31:07]   Topics crawled (24h): 56
[2025-12-31 20:31:07]   Avg confidence: 0.70
[2025-12-31 20:31:07] ========================================
[2025-12-31 20:31:07] 
[2025-12-31 20:36:11] 
[2025-12-31 20:36:11] ========================================
[2025-12-31 20:36:11]   Periodic Status Update
[2025-12-31 20:36:11] ========================================
[2025-12-31 20:36:11]   Knowledge items: 284
[2025-12-31 20:36:11]   Added (24h): 284
[2025-12-31 20:36:11]   Topics crawled (24h): 57
[2025-12-31 20:36:11]   Avg confidence: 0.70
[2025-12-31 20:36:11] ========================================
[2025-12-31 20:36:11] 
[2025-12-31 20:41:14] 
[2025-12-31 20:41:14] ========================================
[2025-12-31 20:41:14]   Periodic Status Update
[2025-12-31 20:41:14] ========================================
[2025-12-31 20:41:14]   Knowledge items: 294
[2025-12-31 20:41:14]   Added (24h): 294
[2025-12-31 20:41:14]   Topics crawled (24h): 59
[2025-12-31 20:41:14]   Avg confidence: 0.70
[2025-12-31 20:41:14] ========================================
[2025-12-31 20:41:14] 
[2025-12-31 20:46:17] 
[2025-12-31 20:46:17] ========================================
[2025-12-31 20:46:17]   Periodic Status Update
[2025-12-31 20:46:17] ========================================
[2025-12-31 20:46:17]   Knowledge items: 304
[2025-12-31 20:46:17]   Added (24h): 304
[2025-12-31 20:46:17]   Topics crawled (24h): 61
[2025-12-31 20:46:17]   Avg confidence: 0.70
[2025-12-31 20:46:17] ========================================
[2025-12-31 20:46:17] 
[2025-12-31 20:51:21] 
[2025-12-31 20:51:21] ========================================
[2025-12-31 20:51:21]   Periodic Status Update
[2025-12-31 20:51:21] ========================================
[2025-12-31 20:51:21]   Knowledge items: 309
[2025-12-31 20:51:21]   Added (24h): 309
[2025-12-31 20:51:21]   Topics crawled (24h): 62
[2025-12-31 20:51:21]   Avg confidence: 0.70
[2025-12-31 20:51:21] ========================================
[2025-12-31 20:51:21] 
[2025-12-31 20:56:24] 
[2025-12-31 20:56:24] ========================================
[2025-12-31 20:56:24]   Periodic Status Update
[2025-12-31 20:56:24] ========================================
[2025-12-31 20:56:24]   Knowledge items: 319
[2025-12-31 20:56:24]   Added (24h): 319
[2025-12-31 20:56:24]   Topics crawled (24h): 64
[2025-12-31 20:56:24]   Avg confidence: 0.70
[2025-12-31 20:56:24] ========================================
[2025-12-31 20:56:24] 
[2025-12-31 21:15:00] 
[2025-12-31 21:15:00] ========================================
[2025-12-31 21:15:00]   Periodic Status Update
[2025-12-31 21:15:00] ========================================
[2025-12-31 21:15:00]   Knowledge items: 324
[2025-12-31 21:15:00]   Added (24h): 324
[2025-12-31 21:15:00]   Topics crawled (24h): 65
[2025-12-31 21:15:00]   Avg confidence: 0.70
[2025-12-31 21:15:00] ========================================
[2025-12-31 21:15:00] 
[2025-12-31 21:25:10] 
[2025-12-31 21:25:10] ========================================
[2025-12-31 21:25:10]   Periodic Status Update
[2025-12-31 21:25:10] ========================================
[2025-12-31 21:25:10]   Knowledge items: 329
[2025-12-31 21:25:10]   Added (24h): 329
[2025-12-31 21:25:10]   Topics crawled (24h): 66
[2025-12-31 21:25:10]   Avg confidence: 0.70
[2025-12-31 21:25:10] ========================================
[2025-12-31 21:25:10] 
[2025-12-31 21:43:06] 
[2025-12-31 21:43:06] ========================================
[2025-12-31 21:43:06]   Periodic Status Update
[2025-12-31 21:43:06] ========================================
[2025-12-31 21:43:06]   Knowledge items: 335
[2025-12-31 21:43:06]   Added (24h): 335
[2025-12-31 21:43:06]   Topics crawled (24h): 67
[2025-12-31 21:43:06]   Avg confidence: 0.70
[2025-12-31 21:43:06] ========================================
[2025-12-31 21:43:06] 
[2025-12-31 22:14:38] 
[2025-12-31 22:14:38] ========================================
[2025-12-31 22:14:38]   Periodic Status Update
[2025-12-31 22:14:38] ========================================
[2025-12-31 22:14:38]   Knowledge items: 335
[2025-12-31 22:14:38]   Added (24h): 335
[2025-12-31 22:14:38]   Topics crawled (24h): 67
[2025-12-31 22:14:38]   Avg confidence: 0.70
[2025-12-31 22:14:38] ========================================
[2025-12-31 22:14:38] 
[2025-12-31 22:26:18] 
[2025-12-31 22:26:18] ========================================
[2025-12-31 22:26:18]   Periodic Status Update
[2025-12-31 22:26:18] ========================================
[2025-12-31 22:26:18]   Knowledge items: 335
[2025-12-31 22:26:18]   Added (24h): 335
[2025-12-31 22:26:18]   Topics crawled (24h): 68
[2025-12-31 22:26:18]   Avg confidence: 0.70
[2025-12-31 22:26:18] ========================================
[2025-12-31 22:26:18] 
[2025-12-31 22:44:56] 
[2025-12-31 22:44:56] ========================================
[2025-12-31 22:44:56]   Periodic Status Update
[2025-12-31 22:44:56] ========================================
[2025-12-31 22:44:56]   Knowledge items: 340
[2025-12-31 22:44:56]   Added (24h): 340
[2025-12-31 22:44:56]   Topics crawled (24h): 69
[2025-12-31 22:44:56]   Avg confidence: 0.70
[2025-12-31 22:44:56] ========================================
[2025-12-31 22:44:56] 
[2025-12-31 23:01:39] 
[2025-12-31 23:01:39] ========================================
[2025-12-31 23:01:39]   Periodic Status Update
[2025-12-31 23:01:39] ========================================
[2025-12-31 23:01:39]   Knowledge items: 340
[2025-12-31 23:01:39]   Added (24h): 340
[2025-12-31 23:01:39]   Topics crawled (24h): 69
[2025-12-31 23:01:39]   Avg confidence: 0.70
[2025-12-31 23:01:39] ========================================
[2025-12-31 23:01:39] 
[2025-12-31 23:27:15] 
[2025-12-31 23:27:15] ========================================
[2025-12-31 23:27:15]   Periodic Status Update
[2025-12-31 23:27:15] ========================================
[2025-12-31 23:27:15]   Knowledge items: 346
[2025-12-31 23:27:15]   Added (24h): 346
[2025-12-31 23:27:15]   Topics crawled (24h): 70
[2025-12-31 23:27:15]   Avg confidence: 0.71
[2025-12-31 23:27:15] ========================================
[2025-12-31 23:27:15] 
[2026-01-01 00:01:58] 
[2026-01-01 00:01:58] ========================================
[2026-01-01 00:01:58]   Periodic Status Update
[2026-01-01 00:01:58] ========================================
[2026-01-01 00:01:58]   Knowledge items: 352
[2026-01-01 00:01:58]   Added (24h): 352
[2026-01-01 00:01:58]   Topics crawled (24h): 71
[2026-01-01 00:01:58]   Avg confidence: 0.71
[2026-01-01 00:01:58] ========================================
[2026-01-01 00:01:58] 
[2026-01-01 00:17:58] 
[2026-01-01 00:17:58] ========================================
[2026-01-01 00:17:58]   Periodic Status Update
[2026-01-01 00:17:58] ========================================
[2026-01-01 00:17:58]   Knowledge items: 352
[2026-01-01 00:17:58]   Added (24h): 352
[2026-01-01 00:17:58]   Topics crawled (24h): 71
[2026-01-01 00:17:58]   Avg confidence: 0.71
[2026-01-01 00:17:58] ========================================
[2026-01-01 00:17:58] 
[2026-01-01 00:28:16] 
[2026-01-01 00:28:16] ========================================
[2026-01-01 00:28:16]   Periodic Status Update
[2026-01-01 00:28:16] ========================================
[2026-01-01 00:28:16]   Knowledge items: 362
[2026-01-01 00:28:16]   Added (24h): 362
[2026-01-01 00:28:16]   Topics crawled (24h): 73
[2026-01-01 00:28:16]   Avg confidence: 0.71
[2026-01-01 00:28:16] ========================================
[2026-01-01 00:28:16] 
[2026-01-01 01:04:12] 
[2026-01-01 01:04:12] ========================================
[2026-01-01 01:04:12]   Periodic Status Update
[2026-01-01 01:04:12] ========================================
[2026-01-01 01:04:12]   Knowledge items: 367
[2026-01-01 01:04:12]   Added (24h): 367
[2026-01-01 01:04:12]   Topics crawled (24h): 74
[2026-01-01 01:04:12]   Avg confidence: 0.71
[2026-01-01 01:04:12] ========================================
[2026-01-01 01:04:12] 
[2026-01-01 01:29:14] 
[2026-01-01 01:29:14] ========================================
[2026-01-01 01:29:14]   Periodic Status Update
[2026-01-01 01:29:14] ========================================
[2026-01-01 01:29:14]   Knowledge items: 367
[2026-01-01 01:29:14]   Added (24h): 367
[2026-01-01 01:29:14]   Topics crawled (24h): 74
[2026-01-01 01:29:14]   Avg confidence: 0.71
[2026-01-01 01:29:14] ========================================
[2026-01-01 01:29:14] 
[2026-01-01 01:45:08] 
[2026-01-01 01:45:08] ========================================
[2026-01-01 01:45:08]   Periodic Status Update
[2026-01-01 01:45:08] ========================================
[2026-01-01 01:45:08]   Knowledge items: 372
[2026-01-01 01:45:08]   Added (24h): 372
[2026-01-01 01:45:08]   Topics crawled (24h): 76
[2026-01-01 01:45:08]   Avg confidence: 0.71
[2026-01-01 01:45:08] ========================================
[2026-01-01 01:45:08] 
[2026-01-01 01:54:26] 
[2026-01-01 01:54:26] ========================================
[2026-01-01 01:54:26]   Periodic Status Update
[2026-01-01 01:54:26] ========================================
[2026-01-01 01:54:26]   Knowledge items: 372
[2026-01-01 01:54:26]   Added (24h): 372
[2026-01-01 01:54:26]   Topics crawled (24h): 76
[2026-01-01 01:54:26]   Avg confidence: 0.71
[2026-01-01 01:54:26] ========================================
[2026-01-01 01:54:26] 
[2026-01-01 02:28:10] 
[2026-01-01 02:28:10] ========================================
[2026-01-01 02:28:10]   Periodic Status Update
[2026-01-01 02:28:10] ========================================
[2026-01-01 02:28:10]   Knowledge items: 378
[2026-01-01 02:28:10]   Added (24h): 378
[2026-01-01 02:28:10]   Topics crawled (24h): 77
[2026-01-01 02:28:10]   Avg confidence: 0.71
[2026-01-01 02:28:10] ========================================
[2026-01-01 02:28:10] 
[2026-01-01 03:02:18] 
[2026-01-01 03:02:18] ========================================
[2026-01-01 03:02:18]   Periodic Status Update
[2026-01-01 03:02:18] ========================================
[2026-01-01 03:02:18]   Knowledge items: 378
[2026-01-01 03:02:18]   Added (24h): 378
[2026-01-01 03:02:18]   Topics crawled (24h): 77
[2026-01-01 03:02:18]   Avg confidence: 0.71
[2026-01-01 03:02:18] ========================================
[2026-01-01 03:02:18] 
[2026-01-01 03:35:46] 
[2026-01-01 03:35:46] ========================================
[2026-01-01 03:35:46]   Periodic Status Update
[2026-01-01 03:35:46] ========================================
[2026-01-01 03:35:46]   Knowledge items: 383
[2026-01-01 03:35:46]   Added (24h): 383
[2026-01-01 03:35:46]   Topics crawled (24h): 78
[2026-01-01 03:35:46]   Avg confidence: 0.71
[2026-01-01 03:35:46] ========================================
[2026-01-01 03:35:46] 
[2026-01-01 04:10:18] 
[2026-01-01 04:10:18] ========================================
[2026-01-01 04:10:18]   Periodic Status Update
[2026-01-01 04:10:18] ========================================
[2026-01-01 04:10:18]   Knowledge items: 383
[2026-01-01 04:10:18]   Added (24h): 383
[2026-01-01 04:10:18]   Topics crawled (24h): 78
[2026-01-01 04:10:18]   Avg confidence: 0.71
[2026-01-01 04:10:18] ========================================
[2026-01-01 04:10:18] 
[2026-01-01 04:25:57] 
[2026-01-01 04:25:57] ========================================
[2026-01-01 04:25:57]   Periodic Status Update
[2026-01-01 04:25:57] ========================================
[2026-01-01 04:25:57]   Knowledge items: 383
[2026-01-01 04:25:57]   Added (24h): 383
[2026-01-01 04:25:57]   Topics crawled (24h): 78
[2026-01-01 04:25:57]   Avg confidence: 0.71
[2026-01-01 04:25:57] ========================================
[2026-01-01 04:25:57] 
[2026-01-01 04:59:26] 
[2026-01-01 04:59:26] ========================================
[2026-01-01 04:59:26]   Periodic Status Update
[2026-01-01 04:59:26] ========================================
[2026-01-01 04:59:26]   Knowledge items: 383
[2026-01-01 04:59:26]   Added (24h): 383
[2026-01-01 04:59:26]   Topics crawled (24h): 79
[2026-01-01 04:59:26]   Avg confidence: 0.71
[2026-01-01 04:59:26] ========================================
[2026-01-01 04:59:26] 
[2026-01-01 05:32:20] 
[2026-01-01 05:32:20] ========================================
[2026-01-01 05:32:20]   Periodic Status Update
[2026-01-01 05:32:20] ========================================
[2026-01-01 05:32:20]   Knowledge items: 383
[2026-01-01 05:32:20]   Added (24h): 383
[2026-01-01 05:32:20]   Topics crawled (24h): 79
[2026-01-01 05:32:20]   Avg confidence: 0.71
[2026-01-01 05:32:20] ========================================
[2026-01-01 05:32:20] 
[2026-01-01 06:01:01] 
[2026-01-01 06:01:01] ========================================
[2026-01-01 06:01:01]   Periodic Status Update
[2026-01-01 06:01:01] ========================================
[2026-01-01 06:01:01]   Knowledge items: 383
[2026-01-01 06:01:01]   Added (24h): 383
[2026-01-01 06:01:01]   Topics crawled (24h): 79
[2026-01-01 06:01:01]   Avg confidence: 0.71
[2026-01-01 06:01:01] ========================================
[2026-01-01 06:01:01] 
[2026-01-01 06:37:34] 
[2026-01-01 06:37:34] ========================================
[2026-01-01 06:37:34]   Periodic Status Update
[2026-01-01 06:37:34] ========================================
[2026-01-01 06:37:34]   Knowledge items: 394
[2026-01-01 06:37:34]   Added (24h): 394
[2026-01-01 06:37:34]   Topics crawled (24h): 81
[2026-01-01 06:37:34]   Avg confidence: 0.71
[2026-01-01 06:37:34] ========================================
[2026-01-01 06:37:34] 
[2026-01-01 06:53:49] 
[2026-01-01 06:53:49] ========================================
[2026-01-01 06:53:49]   Periodic Status Update
[2026-01-01 06:53:49] ========================================
[2026-01-01 06:53:49]   Knowledge items: 394
[2026-01-01 06:53:49]   Added (24h): 394
[2026-01-01 06:53:49]   Topics crawled (24h): 81
[2026-01-01 06:53:49]   Avg confidence: 0.71
[2026-01-01 06:53:49] ========================================
[2026-01-01 06:53:49] 
[2026-01-01 07:28:31] 
[2026-01-01 07:28:31] ========================================
[2026-01-01 07:28:31]   Periodic Status Update
[2026-01-01 07:28:31] ========================================
[2026-01-01 07:28:31]   Knowledge items: 394
[2026-01-01 07:28:31]   Added (24h): 394
[2026-01-01 07:28:31]   Topics crawled (24h): 81
[2026-01-01 07:28:31]   Avg confidence: 0.71
[2026-01-01 07:28:31] ========================================
[2026-01-01 07:28:31] 
[2026-01-01 07:48:32] 
[2026-01-01 07:48:32] ========================================
[2026-01-01 07:48:32]   Periodic Status Update
[2026-01-01 07:48:32] ========================================
[2026-01-01 07:48:32]   Knowledge items: 405
[2026-01-01 07:48:32]   Added (24h): 405
[2026-01-01 07:48:32]   Topics crawled (24h): 83
[2026-01-01 07:48:32]   Avg confidence: 0.71
[2026-01-01 07:48:32] ========================================
[2026-01-01 07:48:32] 
[2026-01-01 08:01:56] 
[2026-01-01 08:01:56] ========================================
[2026-01-01 08:01:56]   Periodic Status Update
[2026-01-01 08:01:56] ========================================
[2026-01-01 08:01:56]   Knowledge items: 405
[2026-01-01 08:01:56]   Added (24h): 405
[2026-01-01 08:01:56]   Topics crawled (24h): 83
[2026-01-01 08:01:56]   Avg confidence: 0.71
[2026-01-01 08:01:56] ========================================
[2026-01-01 08:01:56] 
[2026-01-01 08:35:15] 
[2026-01-01 08:35:15] ========================================
[2026-01-01 08:35:15]   Periodic Status Update
[2026-01-01 08:35:15] ========================================
[2026-01-01 08:35:15]   Knowledge items: 416
[2026-01-01 08:35:15]   Added (24h): 416
[2026-01-01 08:35:15]   Topics crawled (24h): 85
[2026-01-01 08:35:15]   Avg confidence: 0.71
[2026-01-01 08:35:15] ========================================
[2026-01-01 08:35:15] 
[2026-01-01 09:02:52] 
[2026-01-01 09:02:52] ========================================
[2026-01-01 09:02:52]   Periodic Status Update
[2026-01-01 09:02:52] ========================================
[2026-01-01 09:02:52]   Knowledge items: 416
[2026-01-01 09:02:52]   Added (24h): 416
[2026-01-01 09:02:52]   Topics crawled (24h): 85
[2026-01-01 09:02:52]   Avg confidence: 0.71
[2026-01-01 09:02:52] ========================================
[2026-01-01 09:02:52] 
[2026-01-01 09:17:27] 
[2026-01-01 09:17:27] ========================================
[2026-01-01 09:17:27]   Periodic Status Update
[2026-01-01 09:17:27] ========================================
[2026-01-01 09:17:27]   Knowledge items: 421
[2026-01-01 09:17:27]   Added (24h): 421
[2026-01-01 09:17:27]   Topics crawled (24h): 86
[2026-01-01 09:17:27]   Avg confidence: 0.71
[2026-01-01 09:17:27] ========================================
[2026-01-01 09:17:27] 
[2026-01-01 09:22:27] 
[2026-01-01 09:22:27] ========================================
[2026-01-01 09:22:27]   Periodic Status Update
[2026-01-01 09:22:27] ========================================
[2026-01-01 09:22:27]   Knowledge items: 474
[2026-01-01 09:22:27]   Added (24h): 474
[2026-01-01 09:22:27]   Topics crawled (24h): 96
[2026-01-01 09:22:27]   Avg confidence: 0.71
[2026-01-01 09:22:27] ========================================
[2026-01-01 09:22:27] 
[2026-01-01 09:27:27] 
[2026-01-01 09:27:27] ========================================
[2026-01-01 09:27:27]   Periodic Status Update
[2026-01-01 09:27:27] ========================================
[2026-01-01 09:27:27]   Knowledge items: 524
[2026-01-01 09:27:27]   Added (24h): 524
[2026-01-01 09:27:27]   Topics crawled (24h): 105
[2026-01-01 09:27:27]   Avg confidence: 0.71
[2026-01-01 09:27:27] ========================================
[2026-01-01 09:27:27] 
[2026-01-01 09:32:28] 
[2026-01-01 09:32:28] ========================================
[2026-01-01 09:32:28]   Periodic Status Update
[2026-01-01 09:32:28] ========================================
[2026-01-01 09:32:28]   Knowledge items: 574
[2026-01-01 09:32:28]   Added (24h): 574
[2026-01-01 09:32:28]   Topics crawled (24h): 115
[2026-01-01 09:32:28]   Avg confidence: 0.71
[2026-01-01 09:32:28] ========================================
[2026-01-01 09:32:28] 
[2026-01-01 09:37:28] 
[2026-01-01 09:37:28] ========================================
[2026-01-01 09:37:28]   Periodic Status Update
[2026-01-01 09:37:28] ========================================
[2026-01-01 09:37:28]   Knowledge items: 620
[2026-01-01 09:37:28]   Added (24h): 620
[2026-01-01 09:37:28]   Topics crawled (24h): 124
[2026-01-01 09:37:28]   Avg confidence: 0.71
[2026-01-01 09:37:28] ========================================
[2026-01-01 09:37:28] 
[2026-01-01 09:42:28] 
[2026-01-01 09:42:28] ========================================
[2026-01-01 09:42:28]   Periodic Status Update
[2026-01-01 09:42:28] ========================================
[2026-01-01 09:42:28]   Knowledge items: 670
[2026-01-01 09:42:28]   Added (24h): 670
[2026-01-01 09:42:28]   Topics crawled (24h): 134
[2026-01-01 09:42:28]   Avg confidence: 0.71
[2026-01-01 09:42:28] ========================================
[2026-01-01 09:42:28] 
[2026-01-01 09:47:28] 
[2026-01-01 09:47:28] ========================================
[2026-01-01 09:47:28]   Periodic Status Update
[2026-01-01 09:47:28] ========================================
[2026-01-01 09:47:28]   Knowledge items: 718
[2026-01-01 09:47:28]   Added (24h): 718
[2026-01-01 09:47:28]   Topics crawled (24h): 143
[2026-01-01 09:47:28]   Avg confidence: 0.71
[2026-01-01 09:47:28] ========================================
[2026-01-01 09:47:28] 
[2026-01-01 09:52:28] 
[2026-01-01 09:52:28] ========================================
[2026-01-01 09:52:28]   Periodic Status Update
[2026-01-01 09:52:28] ========================================
[2026-01-01 09:52:28]   Knowledge items: 769
[2026-01-01 09:52:28]   Added (24h): 769
[2026-01-01 09:52:28]   Topics crawled (24h): 153
[2026-01-01 09:52:28]   Avg confidence: 0.71
[2026-01-01 09:52:28] ========================================
[2026-01-01 09:52:28] 
[2026-01-01 09:57:28] 
[2026-01-01 09:57:28] ========================================
[2026-01-01 09:57:28]   Periodic Status Update
[2026-01-01 09:57:28] ========================================
[2026-01-01 09:57:28]   Knowledge items: 819
[2026-01-01 09:57:28]   Added (24h): 819
[2026-01-01 09:57:28]   Topics crawled (24h): 162
[2026-01-01 09:57:28]   Avg confidence: 0.71
[2026-01-01 09:57:28] ========================================
[2026-01-01 09:57:28] 
[2026-01-01 10:02:28] 
[2026-01-01 10:02:28] ========================================
[2026-01-01 10:02:28]   Periodic Status Update
[2026-01-01 10:02:28] ========================================
[2026-01-01 10:02:28]   Knowledge items: 871
[2026-01-01 10:02:28]   Added (24h): 871
[2026-01-01 10:02:28]   Topics crawled (24h): 172
[2026-01-01 10:02:28]   Avg confidence: 0.71
[2026-01-01 10:02:28] ========================================
[2026-01-01 10:02:28] 
[2026-01-01 10:07:29] 
[2026-01-01 10:07:29] ========================================
[2026-01-01 10:07:29]   Periodic Status Update
[2026-01-01 10:07:29] ========================================
[2026-01-01 10:07:29]   Knowledge items: 919
[2026-01-01 10:07:29]   Added (24h): 919
[2026-01-01 10:07:29]   Topics crawled (24h): 181
[2026-01-01 10:07:29]   Avg confidence: 0.71
[2026-01-01 10:07:29] ========================================
[2026-01-01 10:07:29] 
[2026-01-01 10:12:29] 
[2026-01-01 10:12:29] ========================================
[2026-01-01 10:12:29]   Periodic Status Update
[2026-01-01 10:12:29] ========================================
[2026-01-01 10:12:29]   Knowledge items: 976
[2026-01-01 10:12:29]   Added (24h): 976
[2026-01-01 10:12:29]   Topics crawled (24h): 191
[2026-01-01 10:12:29]   Avg confidence: 0.71
[2026-01-01 10:12:29] ========================================
[2026-01-01 10:12:29] 
[2026-01-01 10:17:29] 
[2026-01-01 10:17:29] ========================================
[2026-01-01 10:17:29]   Periodic Status Update
[2026-01-01 10:17:29] ========================================
[2026-01-01 10:17:29]   Knowledge items: 1024
[2026-01-01 10:17:29]   Added (24h): 1024
[2026-01-01 10:17:29]   Topics crawled (24h): 200
[2026-01-01 10:17:29]   Avg confidence: 0.71
[2026-01-01 10:17:29] ========================================
[2026-01-01 10:17:29] 
[2026-01-01 10:22:29] 
[2026-01-01 10:22:29] ========================================
[2026-01-01 10:22:29]   Periodic Status Update
[2026-01-01 10:22:29] ========================================
[2026-01-01 10:22:29]   Knowledge items: 1079
[2026-01-01 10:22:29]   Added (24h): 1079
[2026-01-01 10:22:29]   Topics crawled (24h): 210
[2026-01-01 10:22:29]   Avg confidence: 0.71
[2026-01-01 10:22:29] ========================================
[2026-01-01 10:22:29] 
[2026-01-01 10:27:29] 
[2026-01-01 10:27:29] ========================================
[2026-01-01 10:27:29]   Periodic Status Update
[2026-01-01 10:27:29] ========================================
[2026-01-01 10:27:29]   Knowledge items: 1128
[2026-01-01 10:27:29]   Added (24h): 1128
[2026-01-01 10:27:29]   Topics crawled (24h): 219
[2026-01-01 10:27:29]   Avg confidence: 0.71
[2026-01-01 10:27:29] ========================================
[2026-01-01 10:27:29] 
[2026-01-01 10:32:30] 
[2026-01-01 10:32:30] ========================================
[2026-01-01 10:32:30]   Periodic Status Update
[2026-01-01 10:32:30] ========================================
[2026-01-01 10:32:30]   Knowledge items: 1183
[2026-01-01 10:32:30]   Added (24h): 1183
[2026-01-01 10:32:30]   Topics crawled (24h): 229
[2026-01-01 10:32:30]   Avg confidence: 0.71
[2026-01-01 10:32:30] ========================================
[2026-01-01 10:32:30] 
[2026-01-01 10:51:00] 
[2026-01-01 10:51:00] ========================================
[2026-01-01 10:51:00]   Periodic Status Update
[2026-01-01 10:51:00] ========================================
[2026-01-01 10:51:00]   Knowledge items: 1212
[2026-01-01 10:51:00]   Added (24h): 1212
[2026-01-01 10:51:00]   Topics crawled (24h): 234
[2026-01-01 10:51:00]   Avg confidence: 0.71
[2026-01-01 10:51:00] ========================================
[2026-01-01 10:51:00] 
[2026-01-01 11:24:33] 
[2026-01-01 11:24:33] ========================================
[2026-01-01 11:24:33]   Periodic Status Update
[2026-01-01 11:24:33] ========================================
[2026-01-01 11:24:33]   Knowledge items: 1217
[2026-01-01 11:24:33]   Added (24h): 1217
[2026-01-01 11:24:33]   Topics crawled (24h): 235
[2026-01-01 11:24:33]   Avg confidence: 0.71
[2026-01-01 11:24:33] ========================================
[2026-01-01 11:24:33] 
[2026-01-01 11:55:23] 
[2026-01-01 11:55:23] ========================================
[2026-01-01 11:55:23]   Periodic Status Update
[2026-01-01 11:55:23] ========================================
[2026-01-01 11:55:23]   Knowledge items: 1222
[2026-01-01 11:55:23]   Added (24h): 1222
[2026-01-01 11:55:23]   Topics crawled (24h): 236
[2026-01-01 11:55:23]   Avg confidence: 0.71
[2026-01-01 11:55:23] ========================================
[2026-01-01 11:55:23] 
[2026-01-01 12:11:16] 
[2026-01-01 12:11:16] ========================================
[2026-01-01 12:11:16]   Periodic Status Update
[2026-01-01 12:11:16] ========================================
[2026-01-01 12:11:16]   Knowledge items: 1227
[2026-01-01 12:11:16]   Added (24h): 1227
[2026-01-01 12:11:16]   Topics crawled (24h): 237
[2026-01-01 12:11:16]   Avg confidence: 0.71
[2026-01-01 12:11:16] ========================================
[2026-01-01 12:11:16] 
[2026-01-01 12:35:56] 
[2026-01-01 12:35:56] ========================================
[2026-01-01 12:35:56]   Periodic Status Update
[2026-01-01 12:35:56] ========================================
[2026-01-01 12:35:56]   Knowledge items: 1232
[2026-01-01 12:35:56]   Added (24h): 1232
[2026-01-01 12:35:56]   Topics crawled (24h): 238
[2026-01-01 12:35:56]   Avg confidence: 0.71
[2026-01-01 12:35:56] ========================================
[2026-01-01 12:35:56] 
[2026-01-01 12:51:53] 
[2026-01-01 12:51:53] ========================================
[2026-01-01 12:51:53]   Periodic Status Update
[2026-01-01 12:51:53] ========================================
[2026-01-01 12:51:53]   Knowledge items: 1237
[2026-01-01 12:51:53]   Added (24h): 1237
[2026-01-01 12:51:53]   Topics crawled (24h): 239
[2026-01-01 12:51:53]   Avg confidence: 0.71
[2026-01-01 12:51:53] ========================================
[2026-01-01 12:51:53] 
[2026-01-01 13:25:58] 
[2026-01-01 13:25:58] ========================================
[2026-01-01 13:25:58]   Periodic Status Update
[2026-01-01 13:25:58] ========================================
[2026-01-01 13:25:58]   Knowledge items: 1237
[2026-01-01 13:25:58]   Added (24h): 1237
[2026-01-01 13:25:58]   Topics crawled (24h): 239
[2026-01-01 13:25:58]   Avg confidence: 0.71
[2026-01-01 13:25:58] ========================================
[2026-01-01 13:25:58] 
[2026-01-01 13:36:59] 
[2026-01-01 13:36:59] ========================================
[2026-01-01 13:36:59]   Periodic Status Update
[2026-01-01 13:36:59] ========================================
[2026-01-01 13:36:59]   Knowledge items: 1237
[2026-01-01 13:36:59]   Added (24h): 1237
[2026-01-01 13:36:59]   Topics crawled (24h): 239
[2026-01-01 13:36:59]   Avg confidence: 0.71
[2026-01-01 13:36:59] ========================================
[2026-01-01 13:36:59] 
[2026-01-01 13:53:54] 
[2026-01-01 13:53:54] ========================================
[2026-01-01 13:53:54]   Periodic Status Update
[2026-01-01 13:53:54] ========================================
[2026-01-01 13:53:54]   Knowledge items: 1242
[2026-01-01 13:53:54]   Added (24h): 1242
[2026-01-01 13:53:54]   Topics crawled (24h): 240
[2026-01-01 13:53:54]   Avg confidence: 0.71
[2026-01-01 13:53:54] ========================================
[2026-01-01 13:53:54] 
[2026-01-01 14:09:16] 
[2026-01-01 14:09:16] ========================================
[2026-01-01 14:09:16]   Periodic Status Update
[2026-01-01 14:09:16] ========================================
[2026-01-01 14:09:16]   Knowledge items: 1242
[2026-01-01 14:09:16]   Added (24h): 1242
[2026-01-01 14:09:16]   Topics crawled (24h): 240
[2026-01-01 14:09:16]   Avg confidence: 0.71
[2026-01-01 14:09:16] ========================================
[2026-01-01 14:09:16] 
[2026-01-01 14:37:58] 
[2026-01-01 14:37:58] ========================================
[2026-01-01 14:37:58]   Periodic Status Update
[2026-01-01 14:37:58] ========================================
[2026-01-01 14:37:58]   Knowledge items: 1242
[2026-01-01 14:37:58]   Added (24h): 1242
[2026-01-01 14:37:58]   Topics crawled (24h): 240
[2026-01-01 14:37:58]   Avg confidence: 0.71
[2026-01-01 14:37:58] ========================================
[2026-01-01 14:37:58] 
[2026-01-01 15:10:52] 
[2026-01-01 15:10:52] ========================================
[2026-01-01 15:10:52]   Periodic Status Update
[2026-01-01 15:10:52] ========================================
[2026-01-01 15:10:52]   Knowledge items: 1252
[2026-01-01 15:10:52]   Added (24h): 1252
[2026-01-01 15:10:52]   Topics crawled (24h): 242
[2026-01-01 15:10:52]   Avg confidence: 0.71
[2026-01-01 15:10:52] ========================================
[2026-01-01 15:10:52] 
[2026-01-01 15:38:55] 
[2026-01-01 15:38:55] ========================================
[2026-01-01 15:38:55]   Periodic Status Update
[2026-01-01 15:38:55] ========================================
[2026-01-01 15:38:55]   Knowledge items: 1252
[2026-01-01 15:38:55]   Added (24h): 1252
[2026-01-01 15:38:55]   Topics crawled (24h): 242
[2026-01-01 15:38:55]   Avg confidence: 0.71
[2026-01-01 15:38:55] ========================================
[2026-01-01 15:38:55] 
[2026-01-01 15:57:23] 
[2026-01-01 15:57:23] ========================================
[2026-01-01 15:57:23]   Periodic Status Update
[2026-01-01 15:57:23] ========================================
[2026-01-01 15:57:23]   Knowledge items: 1263
[2026-01-01 15:57:23]   Added (24h): 1263
[2026-01-01 15:57:23]   Topics crawled (24h): 244
[2026-01-01 15:57:23]   Avg confidence: 0.71
[2026-01-01 15:57:23] ========================================
[2026-01-01 15:57:23] 
[2026-01-01 16:29:46] 
[2026-01-01 16:29:46] ========================================
[2026-01-01 16:29:46]   Periodic Status Update
[2026-01-01 16:29:46] ========================================
[2026-01-01 16:29:46]   Knowledge items: 1263
[2026-01-01 16:29:46]   Added (24h): 1263
[2026-01-01 16:29:46]   Topics crawled (24h): 244
[2026-01-01 16:29:46]   Avg confidence: 0.71
[2026-01-01 16:29:46] ========================================
[2026-01-01 16:29:46] 
[2026-01-01 16:40:02] 
[2026-01-01 16:40:02] ========================================
[2026-01-01 16:40:02]   Periodic Status Update
[2026-01-01 16:40:02] ========================================
[2026-01-01 16:40:02]   Knowledge items: 1263
[2026-01-01 16:40:02]   Added (24h): 1263
[2026-01-01 16:40:02]   Topics crawled (24h): 244
[2026-01-01 16:40:02]   Avg confidence: 0.71
[2026-01-01 16:40:02] ========================================
[2026-01-01 16:40:02] 
[2026-01-01 16:56:54] 
[2026-01-01 16:56:54] ========================================
[2026-01-01 16:56:54]   Periodic Status Update
[2026-01-01 16:56:54] ========================================
[2026-01-01 16:56:54]   Knowledge items: 1274
[2026-01-01 16:56:54]   Added (24h): 1274
[2026-01-01 16:56:54]   Topics crawled (24h): 246
[2026-01-01 16:56:54]   Avg confidence: 0.71
[2026-01-01 16:56:54] ========================================
[2026-01-01 16:56:54] 
[2026-01-01 17:31:27] 
[2026-01-01 17:31:27] ========================================
[2026-01-01 17:31:27]   Periodic Status Update
[2026-01-01 17:31:27] ========================================
[2026-01-01 17:31:27]   Knowledge items: 1274
[2026-01-01 17:31:27]   Added (24h): 1274
[2026-01-01 17:31:27]   Topics crawled (24h): 246
[2026-01-01 17:31:27]   Avg confidence: 0.71
[2026-01-01 17:31:27] ========================================
[2026-01-01 17:31:27] 
[2026-01-01 17:40:59] 
[2026-01-01 17:40:59] ========================================
[2026-01-01 17:40:59]   Periodic Status Update
[2026-01-01 17:40:59] ========================================
[2026-01-01 17:40:59]   Knowledge items: 1274
[2026-01-01 17:40:59]   Added (24h): 1274
[2026-01-01 17:40:59]   Topics crawled (24h): 246
[2026-01-01 17:40:59]   Avg confidence: 0.71
[2026-01-01 17:40:59] ========================================
[2026-01-01 17:40:59] 
[2026-01-01 18:14:53] 
[2026-01-01 18:14:53] ========================================
[2026-01-01 18:14:53]   Periodic Status Update
[2026-01-01 18:14:53] ========================================
[2026-01-01 18:14:53]   Knowledge items: 1284
[2026-01-01 18:14:53]   Added (24h): 1264
[2026-01-01 18:14:53]   Topics crawled (24h): 244
[2026-01-01 18:14:53]   Avg confidence: 0.71
[2026-01-01 18:14:53] ========================================
[2026-01-01 18:14:53] 
[2026-01-01 18:20:26] 
[2026-01-01 18:20:26] ========================================
[2026-01-01 18:20:26]   Periodic Status Update
[2026-01-01 18:20:26] ========================================
[2026-01-01 18:20:26]   Knowledge items: 1284
[2026-01-01 18:20:26]   Added (24h): 1264
[2026-01-01 18:20:26]   Topics crawled (24h): 244
[2026-01-01 18:20:26]   Avg confidence: 0.71
[2026-01-01 18:20:26] ========================================
[2026-01-01 18:20:26] 
[2026-01-01 18:37:07] 
[2026-01-01 18:37:07] ========================================
[2026-01-01 18:37:07]   Periodic Status Update
[2026-01-01 18:37:07] ========================================
[2026-01-01 18:37:07]   Knowledge items: 1289
[2026-01-01 18:37:07]   Added (24h): 1229
[2026-01-01 18:37:07]   Topics crawled (24h): 237
[2026-01-01 18:37:07]   Avg confidence: 0.71
[2026-01-01 18:37:07] ========================================
[2026-01-01 18:37:07] 
[2026-01-01 18:42:12] 
[2026-01-01 18:42:12] ========================================
[2026-01-01 18:42:12]   Periodic Status Update
[2026-01-01 18:42:12] ========================================
[2026-01-01 18:42:12]   Knowledge items: 1294
[2026-01-01 18:42:12]   Added (24h): 1234
[2026-01-01 18:42:12]   Topics crawled (24h): 238
[2026-01-01 18:42:12]   Avg confidence: 0.71
[2026-01-01 18:42:12] ========================================
[2026-01-01 18:42:12] 
[2026-01-01 18:58:59] 
[2026-01-01 18:58:59] ========================================
[2026-01-01 18:58:59]   Periodic Status Update
[2026-01-01 18:58:59] ========================================
[2026-01-01 18:58:59]   Knowledge items: 1294
[2026-01-01 18:58:59]   Added (24h): 1166
[2026-01-01 18:58:59]   Topics crawled (24h): 225
[2026-01-01 18:58:59]   Avg confidence: 0.71
[2026-01-01 18:58:59] ========================================
[2026-01-01 18:58:59] 
[2026-01-01 19:30:26] 
[2026-01-01 19:30:26] ========================================
[2026-01-01 19:30:26]   Periodic Status Update
[2026-01-01 19:30:26] ========================================
[2026-01-01 19:30:26]   Knowledge items: 1294
[2026-01-01 19:30:26]   Added (24h): 1125
[2026-01-01 19:30:26]   Topics crawled (24h): 217
[2026-01-01 19:30:26]   Avg confidence: 0.71
[2026-01-01 19:30:26] ========================================
[2026-01-01 19:30:26] 
[2026-01-01 19:35:26] 
[2026-01-01 19:35:26] ========================================
[2026-01-01 19:35:26]   Periodic Status Update
[2026-01-01 19:35:26] ========================================
[2026-01-01 19:35:26]   Knowledge items: 1339
[2026-01-01 19:35:26]   Added (24h): 1170
[2026-01-01 19:35:26]   Topics crawled (24h): 226
[2026-01-01 19:35:26]   Avg confidence: 0.71
[2026-01-01 19:35:26] ========================================
[2026-01-01 19:35:26] 
[2026-01-01 19:40:26] 
[2026-01-01 19:40:26] ========================================
[2026-01-01 19:40:26]   Periodic Status Update
[2026-01-01 19:40:26] ========================================
[2026-01-01 19:40:26]   Knowledge items: 1387
[2026-01-01 19:40:26]   Added (24h): 1213
[2026-01-01 19:40:26]   Topics crawled (24h): 235
[2026-01-01 19:40:26]   Avg confidence: 0.71
[2026-01-01 19:40:26] ========================================
[2026-01-01 19:40:26] 
[2026-01-01 19:45:26] 
[2026-01-01 19:45:26] ========================================
[2026-01-01 19:45:26]   Periodic Status Update
[2026-01-01 19:45:26] ========================================
[2026-01-01 19:45:26]   Knowledge items: 1434
[2026-01-01 19:45:26]   Added (24h): 1260
[2026-01-01 19:45:26]   Topics crawled (24h): 244
[2026-01-01 19:45:26]   Avg confidence: 0.71
[2026-01-01 19:45:26] ========================================
[2026-01-01 19:45:26] 
[2026-01-01 19:50:26] 
[2026-01-01 19:50:26] ========================================
[2026-01-01 19:50:26]   Periodic Status Update
[2026-01-01 19:50:26] ========================================
[2026-01-01 19:50:26]   Knowledge items: 1488
[2026-01-01 19:50:26]   Added (24h): 1314
[2026-01-01 19:50:26]   Topics crawled (24h): 254
[2026-01-01 19:50:26]   Avg confidence: 0.71
[2026-01-01 19:50:26] ========================================
[2026-01-01 19:50:26] 
[2026-01-01 19:55:27] 
[2026-01-01 19:55:27] ========================================
[2026-01-01 19:55:27]   Periodic Status Update
[2026-01-01 19:55:27] ========================================
[2026-01-01 19:55:27]   Knowledge items: 1530
[2026-01-01 19:55:27]   Added (24h): 1356
[2026-01-01 19:55:27]   Topics crawled (24h): 263
[2026-01-01 19:55:27]   Avg confidence: 0.71
[2026-01-01 19:55:27] ========================================
[2026-01-01 19:55:27] 
[2026-01-01 20:00:27] 
[2026-01-01 20:00:27] ========================================
[2026-01-01 20:00:27]   Periodic Status Update
[2026-01-01 20:00:27] ========================================
[2026-01-01 20:00:27]   Knowledge items: 1583
[2026-01-01 20:00:27]   Added (24h): 1404
[2026-01-01 20:00:27]   Topics crawled (24h): 271
[2026-01-01 20:00:27]   Avg confidence: 0.71
[2026-01-01 20:00:27] ========================================
[2026-01-01 20:00:27] 
[2026-01-01 20:05:27] 
[2026-01-01 20:05:27] ========================================
[2026-01-01 20:05:27]   Periodic Status Update
[2026-01-01 20:05:27] ========================================
[2026-01-01 20:05:27]   Knowledge items: 1631
[2026-01-01 20:05:27]   Added (24h): 1447
[2026-01-01 20:05:27]   Topics crawled (24h): 279
[2026-01-01 20:05:27]   Avg confidence: 0.71
[2026-01-01 20:05:27] ========================================
[2026-01-01 20:05:27] 
[2026-01-01 20:39:08] 
[2026-01-01 20:39:08] ========================================
[2026-01-01 20:39:08]   Periodic Status Update
[2026-01-01 20:39:08] ========================================
[2026-01-01 20:39:08]   Knowledge items: 1637
[2026-01-01 20:39:08]   Added (24h): 1348
[2026-01-01 20:39:08]   Topics crawled (24h): 259
[2026-01-01 20:39:08]   Avg confidence: 0.71
[2026-01-01 20:39:08] ========================================
[2026-01-01 20:39:08] 
[2026-01-01 21:11:24] 
[2026-01-01 21:11:24] ========================================
[2026-01-01 21:11:24]   Periodic Status Update
[2026-01-01 21:11:24] ========================================
[2026-01-01 21:11:24]   Knowledge items: 1643
[2026-01-01 21:11:24]   Added (24h): 1319
[2026-01-01 21:11:24]   Topics crawled (24h): 253
[2026-01-01 21:11:24]   Avg confidence: 0.71
[2026-01-01 21:11:24] ========================================
[2026-01-01 21:11:24] 
[2026-01-01 21:44:21] 
[2026-01-01 21:44:21] ========================================
[2026-01-01 21:44:21]   Periodic Status Update
[2026-01-01 21:44:21] ========================================
[2026-01-01 21:44:21]   Knowledge items: 1643
[2026-01-01 21:44:21]   Added (24h): 1308
[2026-01-01 21:44:21]   Topics crawled (24h): 251
[2026-01-01 21:44:21]   Avg confidence: 0.71
[2026-01-01 21:44:21] ========================================
[2026-01-01 21:44:21] 
[2026-01-01 22:06:42] 
[2026-01-01 22:06:42] ========================================
[2026-01-01 22:06:42]   Periodic Status Update
[2026-01-01 22:06:42] ========================================
[2026-01-01 22:06:42]   Knowledge items: 1643
[2026-01-01 22:06:42]   Added (24h): 1308
[2026-01-01 22:06:42]   Topics crawled (24h): 251
[2026-01-01 22:06:42]   Avg confidence: 0.71
[2026-01-01 22:06:42] ========================================
[2026-01-01 22:06:42] 
[2026-01-01 22:25:11] 
[2026-01-01 22:25:11] ========================================
[2026-01-01 22:25:11]   Periodic Status Update
[2026-01-01 22:25:11] ========================================
[2026-01-01 22:25:11]   Knowledge items: 1654
[2026-01-01 22:25:11]   Added (24h): 1319
[2026-01-01 22:25:11]   Topics crawled (24h): 252
[2026-01-01 22:25:11]   Avg confidence: 0.71
[2026-01-01 22:25:11] ========================================
[2026-01-01 22:25:11] 
[2026-01-01 22:57:15] 
[2026-01-01 22:57:15] ========================================
[2026-01-01 22:57:15]   Periodic Status Update
[2026-01-01 22:57:15] ========================================
[2026-01-01 22:57:15]   Knowledge items: 1654
[2026-01-01 22:57:15]   Added (24h): 1314
[2026-01-01 22:57:15]   Topics crawled (24h): 251
[2026-01-01 22:57:15]   Avg confidence: 0.71
[2026-01-01 22:57:15] ========================================
[2026-01-01 22:57:15] 
[2026-01-01 23:32:06] 
[2026-01-01 23:32:06] ========================================
[2026-01-01 23:32:06]   Periodic Status Update
[2026-01-01 23:32:06] ========================================
[2026-01-01 23:32:06]   Knowledge items: 1654
[2026-01-01 23:32:06]   Added (24h): 1302
[2026-01-01 23:32:06]   Topics crawled (24h): 249
[2026-01-01 23:32:06]   Avg confidence: 0.71
[2026-01-01 23:32:06] ========================================
[2026-01-01 23:32:06] 
[2026-01-02 00:03:42] 
[2026-01-02 00:03:42] ========================================
[2026-01-02 00:03:42]   Periodic Status Update
[2026-01-02 00:03:42] ========================================
[2026-01-02 00:03:42]   Knowledge items: 1660
[2026-01-02 00:03:42]   Added (24h): 1308
[2026-01-02 00:03:42]   Topics crawled (24h): 250
[2026-01-02 00:03:42]   Avg confidence: 0.71
[2026-01-02 00:03:42] ========================================
[2026-01-02 00:03:42] 
[2026-01-02 00:20:59] 
[2026-01-02 00:20:59] ========================================
[2026-01-02 00:20:59]   Periodic Status Update
[2026-01-02 00:20:59] ========================================
[2026-01-02 00:20:59]   Knowledge items: 1660
[2026-01-02 00:20:59]   Added (24h): 1298
[2026-01-02 00:20:59]   Topics crawled (24h): 248
[2026-01-02 00:20:59]   Avg confidence: 0.71
[2026-01-02 00:20:59] ========================================
[2026-01-02 00:20:59] 
[2026-01-02 00:55:19] 
[2026-01-02 00:55:19] ========================================
[2026-01-02 00:55:19]   Periodic Status Update
[2026-01-02 00:55:19] ========================================
[2026-01-02 00:55:19]   Knowledge items: 1660
[2026-01-02 00:55:19]   Added (24h): 1293
[2026-01-02 00:55:19]   Topics crawled (24h): 247
[2026-01-02 00:55:19]   Avg confidence: 0.71
[2026-01-02 00:55:19] ========================================
[2026-01-02 00:55:19] 
[2026-01-02 01:28:32] 
[2026-01-02 01:28:32] ========================================
[2026-01-02 01:28:32]   Periodic Status Update
[2026-01-02 01:28:32] ========================================
[2026-01-02 01:28:32]   Knowledge items: 1663
[2026-01-02 01:28:32]   Added (24h): 1296
[2026-01-02 01:28:32]   Topics crawled (24h): 248
[2026-01-02 01:28:32]   Avg confidence: 0.71
[2026-01-02 01:28:32] ========================================
[2026-01-02 01:28:32] 
[2026-01-02 02:00:57] 
[2026-01-02 02:00:57] ========================================
[2026-01-02 02:00:57]   Periodic Status Update
[2026-01-02 02:00:57] ========================================
[2026-01-02 02:00:57]   Knowledge items: 1663
[2026-01-02 02:00:57]   Added (24h): 1285
[2026-01-02 02:00:57]   Topics crawled (24h): 245
[2026-01-02 02:00:57]   Avg confidence: 0.71
[2026-01-02 02:00:57] ========================================
[2026-01-02 02:00:57] 
[2026-01-02 02:14:22] 
[2026-01-02 02:14:22] ========================================
[2026-01-02 02:14:22]   Periodic Status Update
[2026-01-02 02:14:22] ========================================
[2026-01-02 02:14:22]   Knowledge items: 1663
[2026-01-02 02:14:22]   Added (24h): 1285
[2026-01-02 02:14:22]   Topics crawled (24h): 245
[2026-01-02 02:14:22]   Avg confidence: 0.71
[2026-01-02 02:14:22] ========================================
[2026-01-02 02:14:22] 
[2026-01-02 02:32:10] 
[2026-01-02 02:32:10] ========================================
[2026-01-02 02:32:10]   Periodic Status Update
[2026-01-02 02:32:10] ========================================
[2026-01-02 02:32:10]   Knowledge items: 1666
[2026-01-02 02:32:10]   Added (24h): 1288
[2026-01-02 02:32:10]   Topics crawled (24h): 246
[2026-01-02 02:32:10]   Avg confidence: 0.71
[2026-01-02 02:32:10] ========================================
[2026-01-02 02:32:10] 
[2026-01-02 02:50:10] 
[2026-01-02 02:50:10] ========================================
[2026-01-02 02:50:10]   Periodic Status Update
[2026-01-02 02:50:10] ========================================
[2026-01-02 02:50:10]   Knowledge items: 1676
[2026-01-02 02:50:10]   Added (24h): 1298
[2026-01-02 02:50:10]   Topics crawled (24h): 248
[2026-01-02 02:50:10]   Avg confidence: 0.71
[2026-01-02 02:50:10] ========================================
[2026-01-02 02:50:10] 
[2026-01-02 03:07:33] 
[2026-01-02 03:07:33] ========================================
[2026-01-02 03:07:33]   Periodic Status Update
[2026-01-02 03:07:33] ========================================
[2026-01-02 03:07:33]   Knowledge items: 1676
[2026-01-02 03:07:33]   Added (24h): 1293
[2026-01-02 03:07:33]   Topics crawled (24h): 247
[2026-01-02 03:07:33]   Avg confidence: 0.71
[2026-01-02 03:07:33] ========================================
[2026-01-02 03:07:33] 
[2026-01-02 03:39:17] 
[2026-01-02 03:39:17] ========================================
[2026-01-02 03:39:17]   Periodic Status Update
[2026-01-02 03:39:17] ========================================
[2026-01-02 03:39:17]   Knowledge items: 1676
[2026-01-02 03:39:17]   Added (24h): 1293
[2026-01-02 03:39:17]   Topics crawled (24h): 247
[2026-01-02 03:39:17]   Avg confidence: 0.71
[2026-01-02 03:39:17] ========================================
[2026-01-02 03:39:17] 
[2026-01-02 04:13:51] 
[2026-01-02 04:13:51] ========================================
[2026-01-02 04:13:51]   Periodic Status Update
[2026-01-02 04:13:51] ========================================
[2026-01-02 04:13:51]   Knowledge items: 1682
[2026-01-02 04:13:51]   Added (24h): 1299
[2026-01-02 04:13:51]   Topics crawled (24h): 248
[2026-01-02 04:13:51]   Avg confidence: 0.71
[2026-01-02 04:13:51] ========================================
[2026-01-02 04:13:51] 
[2026-01-02 04:46:05] 
[2026-01-02 04:46:05] ========================================
[2026-01-02 04:46:05]   Periodic Status Update
[2026-01-02 04:46:05] ========================================
[2026-01-02 04:46:05]   Knowledge items: 1682
[2026-01-02 04:46:05]   Added (24h): 1299
[2026-01-02 04:46:05]   Topics crawled (24h): 248
[2026-01-02 04:46:05]   Avg confidence: 0.71
[2026-01-02 04:46:05] ========================================
[2026-01-02 04:46:05] 
[2026-01-02 05:20:29] 
[2026-01-02 05:20:29] ========================================
[2026-01-02 05:20:29]   Periodic Status Update
[2026-01-02 05:20:29] ========================================
[2026-01-02 05:20:29]   Knowledge items: 1682
[2026-01-02 05:20:29]   Added (24h): 1299
[2026-01-02 05:20:29]   Topics crawled (24h): 247
[2026-01-02 05:20:29]   Avg confidence: 0.71
[2026-01-02 05:20:29] ========================================
[2026-01-02 05:20:29] 
[2026-01-02 05:50:56] 
[2026-01-02 05:50:56] ========================================
[2026-01-02 05:50:56]   Periodic Status Update
[2026-01-02 05:50:56] ========================================
[2026-01-02 05:50:56]   Knowledge items: 1682
[2026-01-02 05:50:56]   Added (24h): 1299
[2026-01-02 05:50:56]   Topics crawled (24h): 247
[2026-01-02 05:50:56]   Avg confidence: 0.71
[2026-01-02 05:50:56] ========================================
[2026-01-02 05:50:56] 
[2026-01-02 06:07:34] 
[2026-01-02 06:07:34] ========================================
[2026-01-02 06:07:34]   Periodic Status Update
[2026-01-02 06:07:34] ========================================
[2026-01-02 06:07:34]   Knowledge items: 1692
[2026-01-02 06:07:34]   Added (24h): 1298
[2026-01-02 06:07:34]   Topics crawled (24h): 247
[2026-01-02 06:07:34]   Avg confidence: 0.71
[2026-01-02 06:07:34] ========================================
[2026-01-02 06:07:34] 
[2026-01-02 06:41:20] 
[2026-01-02 06:41:20] ========================================
[2026-01-02 06:41:20]   Periodic Status Update
[2026-01-02 06:41:20] ========================================
[2026-01-02 06:41:20]   Knowledge items: 1692
[2026-01-02 06:41:20]   Added (24h): 1298
[2026-01-02 06:41:20]   Topics crawled (24h): 247
[2026-01-02 06:41:20]   Avg confidence: 0.71
[2026-01-02 06:41:20] ========================================
[2026-01-02 06:41:20] 
[2026-01-02 07:16:28] 
[2026-01-02 07:16:28] ========================================
[2026-01-02 07:16:28]   Periodic Status Update
[2026-01-02 07:16:28] ========================================
[2026-01-02 07:16:28]   Knowledge items: 1692
[2026-01-02 07:16:28]   Added (24h): 1298
[2026-01-02 07:16:28]   Topics crawled (24h): 247
[2026-01-02 07:16:28]   Avg confidence: 0.71
[2026-01-02 07:16:28] ========================================
[2026-01-02 07:16:28] 
[2026-01-02 07:47:27] 
[2026-01-02 07:47:27] ========================================
[2026-01-02 07:47:27]   Periodic Status Update
[2026-01-02 07:47:27] ========================================
[2026-01-02 07:47:27]   Knowledge items: 1697
[2026-01-02 07:47:27]   Added (24h): 1292
[2026-01-02 07:47:27]   Topics crawled (24h): 246
[2026-01-02 07:47:27]   Avg confidence: 0.71
[2026-01-02 07:47:27] ========================================
[2026-01-02 07:47:27] 
[2026-01-02 07:52:31] 
[2026-01-02 07:52:31] ========================================
[2026-01-02 07:52:31]   Periodic Status Update
[2026-01-02 07:52:31] ========================================
[2026-01-02 07:52:31]   Knowledge items: 1702
[2026-01-02 07:52:31]   Added (24h): 1297
[2026-01-02 07:52:31]   Topics crawled (24h): 247
[2026-01-02 07:52:31]   Avg confidence: 0.71
[2026-01-02 07:52:31] ========================================
[2026-01-02 07:52:31] 
[2026-01-02 08:27:25] 
[2026-01-02 08:27:25] ========================================
[2026-01-02 08:27:25]   Periodic Status Update
[2026-01-02 08:27:25] ========================================
[2026-01-02 08:27:25]   Knowledge items: 1707
[2026-01-02 08:27:25]   Added (24h): 1291
[2026-01-02 08:27:25]   Topics crawled (24h): 246
[2026-01-02 08:27:25]   Avg confidence: 0.71
[2026-01-02 08:27:25] ========================================
[2026-01-02 08:27:25] 
[2026-01-02 08:52:58] 
[2026-01-02 08:52:58] ========================================
[2026-01-02 08:52:58]   Periodic Status Update
[2026-01-02 08:52:58] ========================================
[2026-01-02 08:52:58]   Knowledge items: 1707
[2026-01-02 08:52:58]   Added (24h): 1291
[2026-01-02 08:52:58]   Topics crawled (24h): 246
[2026-01-02 08:52:58]   Avg confidence: 0.71
[2026-01-02 08:52:58] ========================================
[2026-01-02 08:52:58] 
[2026-01-02 09:11:37] 
[2026-01-02 09:11:37] ========================================
[2026-01-02 09:11:37]   Periodic Status Update
[2026-01-02 09:11:37] ========================================
[2026-01-02 09:11:37]   Knowledge items: 1712
[2026-01-02 09:11:37]   Added (24h): 1291
[2026-01-02 09:11:37]   Topics crawled (24h): 246
[2026-01-02 09:11:37]   Avg confidence: 0.71
[2026-01-02 09:11:37] ========================================
[2026-01-02 09:11:37] 
[2026-01-02 09:44:13] 
[2026-01-02 09:44:13] ========================================
[2026-01-02 09:44:13]   Periodic Status Update
[2026-01-02 09:44:13] ========================================
[2026-01-02 09:44:13]   Knowledge items: 1717
[2026-01-02 09:44:13]   Added (24h): 1030
[2026-01-02 09:44:13]   Topics crawled (24h): 196
[2026-01-02 09:44:13]   Avg confidence: 0.71
[2026-01-02 09:44:13] ========================================
[2026-01-02 09:44:13] 
[2026-01-02 09:54:05] 
[2026-01-02 09:54:05] ========================================
[2026-01-02 09:54:05]   Periodic Status Update
[2026-01-02 09:54:05] ========================================
[2026-01-02 09:54:05]   Knowledge items: 1717
[2026-01-02 09:54:05]   Added (24h): 933
[2026-01-02 09:54:05]   Topics crawled (24h): 177
[2026-01-02 09:54:05]   Avg confidence: 0.71
[2026-01-02 09:54:05] ========================================
[2026-01-02 09:54:05] 
[2026-01-02 10:28:18] 
[2026-01-02 10:28:18] ========================================
[2026-01-02 10:28:18]   Periodic Status Update
[2026-01-02 10:28:18] ========================================
[2026-01-02 10:28:18]   Knowledge items: 1722
[2026-01-02 10:28:18]   Added (24h): 582
[2026-01-02 10:28:18]   Topics crawled (24h): 113
[2026-01-02 10:28:18]   Avg confidence: 0.71
[2026-01-02 10:28:18] ========================================
[2026-01-02 10:28:18] 
[2026-01-02 10:37:16] 
[2026-01-02 10:37:16] ========================================
[2026-01-02 10:37:16]   Periodic Status Update
[2026-01-02 10:37:16] ========================================
[2026-01-02 10:37:16]   Knowledge items: 1722
[2026-01-02 10:37:16]   Added (24h): 510
[2026-01-02 10:37:16]   Topics crawled (24h): 100
[2026-01-02 10:37:16]   Avg confidence: 0.71
[2026-01-02 10:37:16] ========================================
[2026-01-02 10:37:16] 
[2026-01-02 10:42:16] 
[2026-01-02 10:42:16] ========================================
[2026-01-02 10:42:16]   Periodic Status Update
[2026-01-02 10:42:16] ========================================
[2026-01-02 10:42:16]   Knowledge items: 1769
[2026-01-02 10:42:16]   Added (24h): 557
[2026-01-02 10:42:16]   Topics crawled (24h): 110
[2026-01-02 10:42:16]   Avg confidence: 0.71
[2026-01-02 10:42:16] ========================================
[2026-01-02 10:42:16] 
[2026-01-02 10:47:16] 
[2026-01-02 10:47:16] ========================================
[2026-01-02 10:47:16]   Periodic Status Update
[2026-01-02 10:47:16] ========================================
[2026-01-02 10:47:16]   Knowledge items: 1811
[2026-01-02 10:47:16]   Added (24h): 599
[2026-01-02 10:47:16]   Topics crawled (24h): 119
[2026-01-02 10:47:16]   Avg confidence: 0.71
[2026-01-02 10:47:16] ========================================
[2026-01-02 10:47:16] 
[2026-01-02 10:52:16] 
[2026-01-02 10:52:16] ========================================
[2026-01-02 10:52:16]   Periodic Status Update
[2026-01-02 10:52:16] ========================================
[2026-01-02 10:52:16]   Knowledge items: 1857
[2026-01-02 10:52:16]   Added (24h): 640
[2026-01-02 10:52:16]   Topics crawled (24h): 127
[2026-01-02 10:52:16]   Avg confidence: 0.71
[2026-01-02 10:52:16] ========================================
[2026-01-02 10:52:16] 
[2026-01-02 10:57:16] 
[2026-01-02 10:57:16] ========================================
[2026-01-02 10:57:16]   Periodic Status Update
[2026-01-02 10:57:16] ========================================
[2026-01-02 10:57:16]   Knowledge items: 1905
[2026-01-02 10:57:16]   Added (24h): 688
[2026-01-02 10:57:16]   Topics crawled (24h): 137
[2026-01-02 10:57:16]   Avg confidence: 0.71
[2026-01-02 10:57:16] ========================================
[2026-01-02 10:57:16] 
[2026-01-02 11:16:25] 
[2026-01-02 11:16:25] ========================================
[2026-01-02 11:16:25]   Periodic Status Update
[2026-01-02 11:16:25] ========================================
[2026-01-02 11:16:25]   Knowledge items: 1928
[2026-01-02 11:16:25]   Added (24h): 711
[2026-01-02 11:16:25]   Topics crawled (24h): 142
[2026-01-02 11:16:25]   Avg confidence: 0.71
[2026-01-02 11:16:25] ========================================
[2026-01-02 11:16:25] 
[2026-01-02 11:30:13] 
[2026-01-02 11:30:13] ========================================
[2026-01-02 11:30:13]   Periodic Status Update
[2026-01-02 11:30:13] ========================================
[2026-01-02 11:30:13]   Knowledge items: 1928
[2026-01-02 11:30:13]   Added (24h): 706
[2026-01-02 11:30:13]   Topics crawled (24h): 141
[2026-01-02 11:30:13]   Avg confidence: 0.71
[2026-01-02 11:30:13] ========================================
[2026-01-02 11:30:13] 
[2026-01-02 11:35:15] 
[2026-01-02 11:35:15] ========================================
[2026-01-02 11:35:15]   Periodic Status Update
[2026-01-02 11:35:15] ========================================
[2026-01-02 11:35:15]   Knowledge items: 1957
[2026-01-02 11:35:15]   Added (24h): 735
[2026-01-02 11:35:15]   Topics crawled (24h): 148
[2026-01-02 11:35:15]   Avg confidence: 0.71
[2026-01-02 11:35:15] ========================================
[2026-01-02 11:35:15] 
[2026-01-02 11:40:15] 
[2026-01-02 11:40:15] ========================================
[2026-01-02 11:40:15]   Periodic Status Update
[2026-01-02 11:40:15] ========================================
[2026-01-02 11:40:15]   Knowledge items: 1998
[2026-01-02 11:40:15]   Added (24h): 776
[2026-01-02 11:40:15]   Topics crawled (24h): 157
[2026-01-02 11:40:15]   Avg confidence: 0.71
[2026-01-02 11:40:15] ========================================
[2026-01-02 11:40:15] 
[2026-01-02 11:45:15] 
[2026-01-02 11:45:15] ========================================
[2026-01-02 11:45:15]   Periodic Status Update
[2026-01-02 11:45:15] ========================================
[2026-01-02 11:45:15]   Knowledge items: 2047
[2026-01-02 11:45:15]   Added (24h): 825
[2026-01-02 11:45:15]   Topics crawled (24h): 167
[2026-01-02 11:45:15]   Avg confidence: 0.71
[2026-01-02 11:45:15] ========================================
[2026-01-02 11:45:15] 
[2026-01-02 11:52:22] 
[2026-01-02 11:52:22] ========================================
[2026-01-02 11:52:22]   Periodic Status Update
[2026-01-02 11:52:22] ========================================
[2026-01-02 11:52:22]   Knowledge items: 2089
[2026-01-02 11:52:22]   Added (24h): 867
[2026-01-02 11:52:22]   Topics crawled (24h): 175
[2026-01-02 11:52:22]   Avg confidence: 0.71
[2026-01-02 11:52:22] ========================================
[2026-01-02 11:52:22] 
[2026-01-02 12:27:16] 
[2026-01-02 12:27:16] ========================================
[2026-01-02 12:27:16]   Periodic Status Update
[2026-01-02 12:27:16] ========================================
[2026-01-02 12:27:16]   Knowledge items: 2103
[2026-01-02 12:27:16]   Added (24h): 876
[2026-01-02 12:27:16]   Topics crawled (24h): 177
[2026-01-02 12:27:16]   Avg confidence: 0.71
[2026-01-02 12:27:16] ========================================
[2026-01-02 12:27:16] 
[2026-01-02 12:59:30] 
[2026-01-02 12:59:30] ========================================
[2026-01-02 12:59:30]   Periodic Status Update
[2026-01-02 12:59:30] ========================================
[2026-01-02 12:59:30]   Knowledge items: 2103
[2026-01-02 12:59:30]   Added (24h): 866
[2026-01-02 12:59:30]   Topics crawled (24h): 175
[2026-01-02 12:59:30]   Avg confidence: 0.71
[2026-01-02 12:59:30] ========================================
[2026-01-02 12:59:30] 
[2026-01-02 13:32:02] 
[2026-01-02 13:32:02] ========================================
[2026-01-02 13:32:02]   Periodic Status Update
[2026-01-02 13:32:02] ========================================
[2026-01-02 13:32:02]   Knowledge items: 2108
[2026-01-02 13:32:02]   Added (24h): 871
[2026-01-02 13:32:02]   Topics crawled (24h): 176
[2026-01-02 13:32:02]   Avg confidence: 0.71
[2026-01-02 13:32:02] ========================================
[2026-01-02 13:32:02] 
[2026-01-02 13:54:47] 
[2026-01-02 13:54:47] ========================================
[2026-01-02 13:54:47]   Periodic Status Update
[2026-01-02 13:54:47] ========================================
[2026-01-02 13:54:47]   Knowledge items: 2108
[2026-01-02 13:54:47]   Added (24h): 866
[2026-01-02 13:54:47]   Topics crawled (24h): 175
[2026-01-02 13:54:47]   Avg confidence: 0.71
[2026-01-02 13:54:47] ========================================
[2026-01-02 13:54:47] 
[2026-01-02 14:11:21] 
[2026-01-02 14:11:21] ========================================
[2026-01-02 14:11:21]   Periodic Status Update
[2026-01-02 14:11:21] ========================================
[2026-01-02 14:11:21]   Knowledge items: 2117
[2026-01-02 14:11:21]   Added (24h): 875
[2026-01-02 14:11:21]   Topics crawled (24h): 177
[2026-01-02 14:11:21]   Avg confidence: 0.71
[2026-01-02 14:11:21] ========================================
[2026-01-02 14:11:21] 
[2026-01-02 14:45:41] 
[2026-01-02 14:45:41] ========================================
[2026-01-02 14:45:41]   Periodic Status Update
[2026-01-02 14:45:41] ========================================
[2026-01-02 14:45:41]   Knowledge items: 2117
[2026-01-02 14:45:41]   Added (24h): 865
[2026-01-02 14:45:41]   Topics crawled (24h): 175
[2026-01-02 14:45:41]   Avg confidence: 0.71
[2026-01-02 14:45:41] ========================================
[2026-01-02 14:45:41] 
[2026-01-02 14:55:53] 
[2026-01-02 14:55:53] ========================================
[2026-01-02 14:55:53]   Periodic Status Update
[2026-01-02 14:55:53] ========================================
[2026-01-02 14:55:53]   Knowledge items: 2117
[2026-01-02 14:55:53]   Added (24h): 865
[2026-01-02 14:55:53]   Topics crawled (24h): 175
[2026-01-02 14:55:53]   Avg confidence: 0.71
[2026-01-02 14:55:53] ========================================
[2026-01-02 14:55:53] 
[2026-01-02 15:12:56] 
[2026-01-02 15:12:56] ========================================
[2026-01-02 15:12:56]   Periodic Status Update
[2026-01-02 15:12:56] ========================================
[2026-01-02 15:12:56]   Knowledge items: 2128
[2026-01-02 15:12:56]   Added (24h): 876
[2026-01-02 15:12:56]   Topics crawled (24h): 177
[2026-01-02 15:12:56]   Avg confidence: 0.71
[2026-01-02 15:12:56] ========================================
[2026-01-02 15:12:56] 
[2026-01-02 15:29:36] 
[2026-01-02 15:29:36] ========================================
[2026-01-02 15:29:36]   Periodic Status Update
[2026-01-02 15:29:36] ========================================
[2026-01-02 15:29:36]   Knowledge items: 2128
[2026-01-02 15:29:36]   Added (24h): 876
[2026-01-02 15:29:36]   Topics crawled (24h): 177
[2026-01-02 15:29:36]   Avg confidence: 0.71
[2026-01-02 15:29:36] ========================================
[2026-01-02 15:29:36] 
